ERROR - 2024-11-19 00:24:57 --> Column 'level' cannot be null
ERROR - 2024-11-19 05:09:20 --> Duplicate entry '0' for key 'id_user'
ERROR - 2024-11-19 05:10:07 --> Duplicate entry '0' for key 'id_user'
ERROR - 2024-11-19 05:14:20 --> Duplicate entry '0' for key 'id_user'
ERROR - 2024-11-19 05:25:27 --> Column 'nik' cannot be null
ERROR - 2024-11-19 05:25:45 --> Column 'nik' cannot be null
ERROR - 2024-11-19 05:28:51 --> Column 'nik' cannot be null
CRITICAL - 2024-11-19 18:32:22 --> syntax error, unexpected 'public' (T_PUBLIC), expecting end of file
#0 C:\Users\Hp\Documents\project1\system\Router\Router.php(175): CodeIgniter\Router\Router->autoRoute('home/aksi_login')
#1 C:\Users\Hp\Documents\project1\system\CodeIgniter.php(726): CodeIgniter\Router\Router->handle('home/aksi_login')
#2 C:\Users\Hp\Documents\project1\system\CodeIgniter.php(368): CodeIgniter\CodeIgniter->tryToRouteIt(Object(CodeIgniter\Router\RouteCollection))
#3 C:\Users\Hp\Documents\project1\system\CodeIgniter.php(326): CodeIgniter\CodeIgniter->handleRequest(NULL, Object(Config\Cache), false)
#4 C:\Users\Hp\Documents\project1\public\index.php(37): CodeIgniter\CodeIgniter->run()
#5 C:\Users\Hp\Documents\project1\system\Commands\Server\rewrite.php(43): require_once('C:\\Users\\Hp\\Doc...')
#6 {main}
CRITICAL - 2024-11-19 18:38:23 --> syntax error, unexpected 'public' (T_PUBLIC), expecting end of file
#0 C:\Users\Hp\Documents\project1\system\Router\Router.php(175): CodeIgniter\Router\Router->autoRoute('home/aksi_login')
#1 C:\Users\Hp\Documents\project1\system\CodeIgniter.php(726): CodeIgniter\Router\Router->handle('home/aksi_login')
#2 C:\Users\Hp\Documents\project1\system\CodeIgniter.php(368): CodeIgniter\CodeIgniter->tryToRouteIt(Object(CodeIgniter\Router\RouteCollection))
#3 C:\Users\Hp\Documents\project1\system\CodeIgniter.php(326): CodeIgniter\CodeIgniter->handleRequest(NULL, Object(Config\Cache), false)
#4 C:\Users\Hp\Documents\project1\public\index.php(37): CodeIgniter\CodeIgniter->run()
#5 C:\Users\Hp\Documents\project1\system\Commands\Server\rewrite.php(43): require_once('C:\\Users\\Hp\\Doc...')
#6 {main}
CRITICAL - 2024-11-19 18:40:39 --> syntax error, unexpected 'public' (T_PUBLIC), expecting end of file
#0 C:\Users\Hp\Documents\project1\system\Router\Router.php(175): CodeIgniter\Router\Router->autoRoute('home/aksi_login')
#1 C:\Users\Hp\Documents\project1\system\CodeIgniter.php(726): CodeIgniter\Router\Router->handle('home/aksi_login')
#2 C:\Users\Hp\Documents\project1\system\CodeIgniter.php(368): CodeIgniter\CodeIgniter->tryToRouteIt(Object(CodeIgniter\Router\RouteCollection))
#3 C:\Users\Hp\Documents\project1\system\CodeIgniter.php(326): CodeIgniter\CodeIgniter->handleRequest(NULL, Object(Config\Cache), false)
#4 C:\Users\Hp\Documents\project1\public\index.php(37): CodeIgniter\CodeIgniter->run()
#5 C:\Users\Hp\Documents\project1\system\Commands\Server\rewrite.php(43): require_once('C:\\Users\\Hp\\Doc...')
#6 {main}
CRITICAL - 2024-11-19 18:40:41 --> syntax error, unexpected 'public' (T_PUBLIC), expecting end of file
#0 C:\Users\Hp\Documents\project1\system\Router\Router.php(175): CodeIgniter\Router\Router->autoRoute('home/Login')
#1 C:\Users\Hp\Documents\project1\system\CodeIgniter.php(726): CodeIgniter\Router\Router->handle('home/Login')
#2 C:\Users\Hp\Documents\project1\system\CodeIgniter.php(368): CodeIgniter\CodeIgniter->tryToRouteIt(Object(CodeIgniter\Router\RouteCollection))
#3 C:\Users\Hp\Documents\project1\system\CodeIgniter.php(326): CodeIgniter\CodeIgniter->handleRequest(NULL, Object(Config\Cache), false)
#4 C:\Users\Hp\Documents\project1\public\index.php(37): CodeIgniter\CodeIgniter->run()
#5 C:\Users\Hp\Documents\project1\system\Commands\Server\rewrite.php(43): require_once('C:\\Users\\Hp\\Doc...')
#6 {main}
CRITICAL - 2024-11-19 18:50:29 --> syntax error, unexpected 'return' (T_RETURN), expecting function (T_FUNCTION) or const (T_CONST)
#0 C:\Users\Hp\Documents\project1\system\Router\Router.php(175): CodeIgniter\Router\Router->autoRoute('home/Login')
#1 C:\Users\Hp\Documents\project1\system\CodeIgniter.php(726): CodeIgniter\Router\Router->handle('home/Login')
#2 C:\Users\Hp\Documents\project1\system\CodeIgniter.php(368): CodeIgniter\CodeIgniter->tryToRouteIt(Object(CodeIgniter\Router\RouteCollection))
#3 C:\Users\Hp\Documents\project1\system\CodeIgniter.php(326): CodeIgniter\CodeIgniter->handleRequest(NULL, Object(Config\Cache), false)
#4 C:\Users\Hp\Documents\project1\public\index.php(37): CodeIgniter\CodeIgniter->run()
#5 C:\Users\Hp\Documents\project1\system\Commands\Server\rewrite.php(43): require_once('C:\\Users\\Hp\\Doc...')
#6 {main}
CRITICAL - 2024-11-19 18:51:11 --> syntax error, unexpected 'return' (T_RETURN), expecting function (T_FUNCTION) or const (T_CONST)
#0 C:\Users\Hp\Documents\project1\system\Router\Router.php(175): CodeIgniter\Router\Router->autoRoute('home/Login')
#1 C:\Users\Hp\Documents\project1\system\CodeIgniter.php(726): CodeIgniter\Router\Router->handle('home/Login')
#2 C:\Users\Hp\Documents\project1\system\CodeIgniter.php(368): CodeIgniter\CodeIgniter->tryToRouteIt(Object(CodeIgniter\Router\RouteCollection))
#3 C:\Users\Hp\Documents\project1\system\CodeIgniter.php(326): CodeIgniter\CodeIgniter->handleRequest(NULL, Object(Config\Cache), false)
#4 C:\Users\Hp\Documents\project1\public\index.php(37): CodeIgniter\CodeIgniter->run()
#5 C:\Users\Hp\Documents\project1\system\Commands\Server\rewrite.php(43): require_once('C:\\Users\\Hp\\Doc...')
#6 {main}
CRITICAL - 2024-11-19 18:51:21 --> syntax error, unexpected 'return' (T_RETURN), expecting function (T_FUNCTION) or const (T_CONST)
#0 C:\Users\Hp\Documents\project1\system\Router\Router.php(175): CodeIgniter\Router\Router->autoRoute('home/Login')
#1 C:\Users\Hp\Documents\project1\system\CodeIgniter.php(726): CodeIgniter\Router\Router->handle('home/Login')
#2 C:\Users\Hp\Documents\project1\system\CodeIgniter.php(368): CodeIgniter\CodeIgniter->tryToRouteIt(Object(CodeIgniter\Router\RouteCollection))
#3 C:\Users\Hp\Documents\project1\system\CodeIgniter.php(326): CodeIgniter\CodeIgniter->handleRequest(NULL, Object(Config\Cache), false)
#4 C:\Users\Hp\Documents\project1\public\index.php(37): CodeIgniter\CodeIgniter->run()
#5 C:\Users\Hp\Documents\project1\system\Commands\Server\rewrite.php(43): require_once('C:\\Users\\Hp\\Doc...')
#6 {main}
CRITICAL - 2024-11-19 18:53:02 --> syntax error, unexpected 'return' (T_RETURN), expecting function (T_FUNCTION) or const (T_CONST)
#0 C:\Users\Hp\Documents\project1\system\Router\Router.php(175): CodeIgniter\Router\Router->autoRoute('home/Login')
#1 C:\Users\Hp\Documents\project1\system\CodeIgniter.php(726): CodeIgniter\Router\Router->handle('home/Login')
#2 C:\Users\Hp\Documents\project1\system\CodeIgniter.php(368): CodeIgniter\CodeIgniter->tryToRouteIt(Object(CodeIgniter\Router\RouteCollection))
#3 C:\Users\Hp\Documents\project1\system\CodeIgniter.php(326): CodeIgniter\CodeIgniter->handleRequest(NULL, Object(Config\Cache), false)
#4 C:\Users\Hp\Documents\project1\public\index.php(37): CodeIgniter\CodeIgniter->run()
#5 C:\Users\Hp\Documents\project1\system\Commands\Server\rewrite.php(43): require_once('C:\\Users\\Hp\\Doc...')
#6 {main}
CRITICAL - 2024-11-19 18:53:06 --> syntax error, unexpected 'return' (T_RETURN), expecting function (T_FUNCTION) or const (T_CONST)
#0 C:\Users\Hp\Documents\project1\system\Router\Router.php(175): CodeIgniter\Router\Router->autoRoute('home/Login')
#1 C:\Users\Hp\Documents\project1\system\CodeIgniter.php(726): CodeIgniter\Router\Router->handle('home/Login')
#2 C:\Users\Hp\Documents\project1\system\CodeIgniter.php(368): CodeIgniter\CodeIgniter->tryToRouteIt(Object(CodeIgniter\Router\RouteCollection))
#3 C:\Users\Hp\Documents\project1\system\CodeIgniter.php(326): CodeIgniter\CodeIgniter->handleRequest(NULL, Object(Config\Cache), false)
#4 C:\Users\Hp\Documents\project1\public\index.php(37): CodeIgniter\CodeIgniter->run()
#5 C:\Users\Hp\Documents\project1\system\Commands\Server\rewrite.php(43): require_once('C:\\Users\\Hp\\Doc...')
#6 {main}
CRITICAL - 2024-11-19 18:54:46 --> syntax error, unexpected 'return' (T_RETURN), expecting function (T_FUNCTION) or const (T_CONST)
#0 C:\Users\Hp\Documents\project1\system\Router\Router.php(175): CodeIgniter\Router\Router->autoRoute('home/Login')
#1 C:\Users\Hp\Documents\project1\system\CodeIgniter.php(726): CodeIgniter\Router\Router->handle('home/Login')
#2 C:\Users\Hp\Documents\project1\system\CodeIgniter.php(368): CodeIgniter\CodeIgniter->tryToRouteIt(Object(CodeIgniter\Router\RouteCollection))
#3 C:\Users\Hp\Documents\project1\system\CodeIgniter.php(326): CodeIgniter\CodeIgniter->handleRequest(NULL, Object(Config\Cache), false)
#4 C:\Users\Hp\Documents\project1\public\index.php(37): CodeIgniter\CodeIgniter->run()
#5 C:\Users\Hp\Documents\project1\system\Commands\Server\rewrite.php(43): require_once('C:\\Users\\Hp\\Doc...')
#6 {main}
CRITICAL - 2024-11-19 18:55:49 --> syntax error, unexpected 'public' (T_PUBLIC), expecting end of file
#0 C:\Users\Hp\Documents\project1\system\Router\Router.php(175): CodeIgniter\Router\Router->autoRoute('home/Login')
#1 C:\Users\Hp\Documents\project1\system\CodeIgniter.php(726): CodeIgniter\Router\Router->handle('home/Login')
#2 C:\Users\Hp\Documents\project1\system\CodeIgniter.php(368): CodeIgniter\CodeIgniter->tryToRouteIt(Object(CodeIgniter\Router\RouteCollection))
#3 C:\Users\Hp\Documents\project1\system\CodeIgniter.php(326): CodeIgniter\CodeIgniter->handleRequest(NULL, Object(Config\Cache), false)
#4 C:\Users\Hp\Documents\project1\public\index.php(37): CodeIgniter\CodeIgniter->run()
#5 C:\Users\Hp\Documents\project1\system\Commands\Server\rewrite.php(43): require_once('C:\\Users\\Hp\\Doc...')
#6 {main}
CRITICAL - 2024-11-19 18:55:51 --> syntax error, unexpected 'public' (T_PUBLIC), expecting end of file
#0 C:\Users\Hp\Documents\project1\system\Router\Router.php(175): CodeIgniter\Router\Router->autoRoute('home/Login')
#1 C:\Users\Hp\Documents\project1\system\CodeIgniter.php(726): CodeIgniter\Router\Router->handle('home/Login')
#2 C:\Users\Hp\Documents\project1\system\CodeIgniter.php(368): CodeIgniter\CodeIgniter->tryToRouteIt(Object(CodeIgniter\Router\RouteCollection))
#3 C:\Users\Hp\Documents\project1\system\CodeIgniter.php(326): CodeIgniter\CodeIgniter->handleRequest(NULL, Object(Config\Cache), false)
#4 C:\Users\Hp\Documents\project1\public\index.php(37): CodeIgniter\CodeIgniter->run()
#5 C:\Users\Hp\Documents\project1\system\Commands\Server\rewrite.php(43): require_once('C:\\Users\\Hp\\Doc...')
#6 {main}
CRITICAL - 2024-11-19 18:56:08 --> syntax error, unexpected 'public' (T_PUBLIC), expecting end of file
#0 C:\Users\Hp\Documents\project1\system\Router\Router.php(175): CodeIgniter\Router\Router->autoRoute('home/Login')
#1 C:\Users\Hp\Documents\project1\system\CodeIgniter.php(726): CodeIgniter\Router\Router->handle('home/Login')
#2 C:\Users\Hp\Documents\project1\system\CodeIgniter.php(368): CodeIgniter\CodeIgniter->tryToRouteIt(Object(CodeIgniter\Router\RouteCollection))
#3 C:\Users\Hp\Documents\project1\system\CodeIgniter.php(326): CodeIgniter\CodeIgniter->handleRequest(NULL, Object(Config\Cache), false)
#4 C:\Users\Hp\Documents\project1\public\index.php(37): CodeIgniter\CodeIgniter->run()
#5 C:\Users\Hp\Documents\project1\system\Commands\Server\rewrite.php(43): require_once('C:\\Users\\Hp\\Doc...')
#6 {main}
CRITICAL - 2024-11-19 19:03:28 --> syntax error, unexpected ')'
#0 C:\Users\Hp\Documents\project1\system\Router\Router.php(175): CodeIgniter\Router\Router->autoRoute('home/karyawan')
#1 C:\Users\Hp\Documents\project1\system\CodeIgniter.php(726): CodeIgniter\Router\Router->handle('home/karyawan')
#2 C:\Users\Hp\Documents\project1\system\CodeIgniter.php(368): CodeIgniter\CodeIgniter->tryToRouteIt(Object(CodeIgniter\Router\RouteCollection))
#3 C:\Users\Hp\Documents\project1\system\CodeIgniter.php(326): CodeIgniter\CodeIgniter->handleRequest(NULL, Object(Config\Cache), false)
#4 C:\Users\Hp\Documents\project1\public\index.php(37): CodeIgniter\CodeIgniter->run()
#5 C:\Users\Hp\Documents\project1\system\Commands\Server\rewrite.php(43): require_once('C:\\Users\\Hp\\Doc...')
#6 {main}
CRITICAL - 2024-11-19 19:07:20 --> syntax error, unexpected ';'
#0 C:\Users\Hp\Documents\project1\system\Router\Router.php(175): CodeIgniter\Router\Router->autoRoute('home/karyawan')
#1 C:\Users\Hp\Documents\project1\system\CodeIgniter.php(726): CodeIgniter\Router\Router->handle('home/karyawan')
#2 C:\Users\Hp\Documents\project1\system\CodeIgniter.php(368): CodeIgniter\CodeIgniter->tryToRouteIt(Object(CodeIgniter\Router\RouteCollection))
#3 C:\Users\Hp\Documents\project1\system\CodeIgniter.php(326): CodeIgniter\CodeIgniter->handleRequest(NULL, Object(Config\Cache), false)
#4 C:\Users\Hp\Documents\project1\public\index.php(37): CodeIgniter\CodeIgniter->run()
#5 C:\Users\Hp\Documents\project1\system\Commands\Server\rewrite.php(43): require_once('C:\\Users\\Hp\\Doc...')
#6 {main}
CRITICAL - 2024-11-19 19:07:47 --> syntax error, unexpected ';'
#0 C:\Users\Hp\Documents\project1\system\Router\Router.php(175): CodeIgniter\Router\Router->autoRoute('home/karyawan')
#1 C:\Users\Hp\Documents\project1\system\CodeIgniter.php(726): CodeIgniter\Router\Router->handle('home/karyawan')
#2 C:\Users\Hp\Documents\project1\system\CodeIgniter.php(368): CodeIgniter\CodeIgniter->tryToRouteIt(Object(CodeIgniter\Router\RouteCollection))
#3 C:\Users\Hp\Documents\project1\system\CodeIgniter.php(326): CodeIgniter\CodeIgniter->handleRequest(NULL, Object(Config\Cache), false)
#4 C:\Users\Hp\Documents\project1\public\index.php(37): CodeIgniter\CodeIgniter->run()
#5 C:\Users\Hp\Documents\project1\system\Commands\Server\rewrite.php(43): require_once('C:\\Users\\Hp\\Doc...')
#6 {main}
CRITICAL - 2024-11-19 19:07:48 --> syntax error, unexpected ';'
#0 C:\Users\Hp\Documents\project1\system\Router\Router.php(175): CodeIgniter\Router\Router->autoRoute('home/karyawan')
#1 C:\Users\Hp\Documents\project1\system\CodeIgniter.php(726): CodeIgniter\Router\Router->handle('home/karyawan')
#2 C:\Users\Hp\Documents\project1\system\CodeIgniter.php(368): CodeIgniter\CodeIgniter->tryToRouteIt(Object(CodeIgniter\Router\RouteCollection))
#3 C:\Users\Hp\Documents\project1\system\CodeIgniter.php(326): CodeIgniter\CodeIgniter->handleRequest(NULL, Object(Config\Cache), false)
#4 C:\Users\Hp\Documents\project1\public\index.php(37): CodeIgniter\CodeIgniter->run()
#5 C:\Users\Hp\Documents\project1\system\Commands\Server\rewrite.php(43): require_once('C:\\Users\\Hp\\Doc...')
#6 {main}
CRITICAL - 2024-11-19 19:08:05 --> syntax error, unexpected ';'
#0 C:\Users\Hp\Documents\project1\system\Router\Router.php(175): CodeIgniter\Router\Router->autoRoute('home/karyawan')
#1 C:\Users\Hp\Documents\project1\system\CodeIgniter.php(726): CodeIgniter\Router\Router->handle('home/karyawan')
#2 C:\Users\Hp\Documents\project1\system\CodeIgniter.php(368): CodeIgniter\CodeIgniter->tryToRouteIt(Object(CodeIgniter\Router\RouteCollection))
#3 C:\Users\Hp\Documents\project1\system\CodeIgniter.php(326): CodeIgniter\CodeIgniter->handleRequest(NULL, Object(Config\Cache), false)
#4 C:\Users\Hp\Documents\project1\public\index.php(37): CodeIgniter\CodeIgniter->run()
#5 C:\Users\Hp\Documents\project1\system\Commands\Server\rewrite.php(43): require_once('C:\\Users\\Hp\\Doc...')
#6 {main}
CRITICAL - 2024-11-19 19:10:49 --> Class 'App\Controllers\Model2' not found
#0 C:\Users\Hp\Documents\project1\system\CodeIgniter.php(832): App\Controllers\Home->tky()
#1 C:\Users\Hp\Documents\project1\system\CodeIgniter.php(419): CodeIgniter\CodeIgniter->runController(Object(App\Controllers\Home))
#2 C:\Users\Hp\Documents\project1\system\CodeIgniter.php(326): CodeIgniter\CodeIgniter->handleRequest(NULL, Object(Config\Cache), false)
#3 C:\Users\Hp\Documents\project1\public\index.php(37): CodeIgniter\CodeIgniter->run()
#4 C:\Users\Hp\Documents\project1\system\Commands\Server\rewrite.php(43): require_once('C:\\Users\\Hp\\Doc...')
#5 {main}
CRITICAL - 2024-11-19 19:14:24 --> You must set the database table to be used with your query.
#0 C:\Users\Hp\Documents\project1\system\Model.php(545): CodeIgniter\Database\BaseConnection->table(NULL)
#1 C:\Users\Hp\Documents\project1\system\Model.php(722): CodeIgniter\Model->builder()
#2 C:\Users\Hp\Documents\project1\app\Controllers\Home.php(454): CodeIgniter\Model->__call('input', Array)
#3 C:\Users\Hp\Documents\project1\system\CodeIgniter.php(832): App\Controllers\Home->tky()
#4 C:\Users\Hp\Documents\project1\system\CodeIgniter.php(419): CodeIgniter\CodeIgniter->runController(Object(App\Controllers\Home))
#5 C:\Users\Hp\Documents\project1\system\CodeIgniter.php(326): CodeIgniter\CodeIgniter->handleRequest(NULL, Object(Config\Cache), false)
#6 C:\Users\Hp\Documents\project1\public\index.php(37): CodeIgniter\CodeIgniter->run()
#7 C:\Users\Hp\Documents\project1\system\Commands\Server\rewrite.php(43): require_once('C:\\Users\\Hp\\Doc...')
#8 {main}
CRITICAL - 2024-11-19 19:23:58 --> syntax error, unexpected '}', expecting end of file
#0 C:\Users\Hp\Documents\project1\system\Router\Router.php(175): CodeIgniter\Router\Router->autoRoute('home/tky')
#1 C:\Users\Hp\Documents\project1\system\CodeIgniter.php(726): CodeIgniter\Router\Router->handle('home/tky')
#2 C:\Users\Hp\Documents\project1\system\CodeIgniter.php(368): CodeIgniter\CodeIgniter->tryToRouteIt(Object(CodeIgniter\Router\RouteCollection))
#3 C:\Users\Hp\Documents\project1\system\CodeIgniter.php(326): CodeIgniter\CodeIgniter->handleRequest(NULL, Object(Config\Cache), false)
#4 C:\Users\Hp\Documents\project1\public\index.php(37): CodeIgniter\CodeIgniter->run()
#5 C:\Users\Hp\Documents\project1\system\Commands\Server\rewrite.php(43): require_once('C:\\Users\\Hp\\Doc...')
#6 {main}
CRITICAL - 2024-11-19 19:23:59 --> syntax error, unexpected '}', expecting end of file
#0 C:\Users\Hp\Documents\project1\system\Router\Router.php(175): CodeIgniter\Router\Router->autoRoute('home/tky')
#1 C:\Users\Hp\Documents\project1\system\CodeIgniter.php(726): CodeIgniter\Router\Router->handle('home/tky')
#2 C:\Users\Hp\Documents\project1\system\CodeIgniter.php(368): CodeIgniter\CodeIgniter->tryToRouteIt(Object(CodeIgniter\Router\RouteCollection))
#3 C:\Users\Hp\Documents\project1\system\CodeIgniter.php(326): CodeIgniter\CodeIgniter->handleRequest(NULL, Object(Config\Cache), false)
#4 C:\Users\Hp\Documents\project1\public\index.php(37): CodeIgniter\CodeIgniter->run()
#5 C:\Users\Hp\Documents\project1\system\Commands\Server\rewrite.php(43): require_once('C:\\Users\\Hp\\Doc...')
#6 {main}
CRITICAL - 2024-11-19 19:24:08 --> Cannot redeclare App\Controllers\Home::simpan_karyawan()
#0 [internal function]: CodeIgniter\Debug\Exceptions->shutdownHandler()
#1 {main}
CRITICAL - 2024-11-19 19:26:05 --> Cannot use empty array elements in arrays
#0 [internal function]: CodeIgniter\Debug\Exceptions->shutdownHandler()
#1 {main}
CRITICAL - 2024-11-19 19:26:18 --> You must set the database table to be used with your query.
#0 C:\Users\Hp\Documents\project1\system\Model.php(545): CodeIgniter\Database\BaseConnection->table(NULL)
#1 C:\Users\Hp\Documents\project1\system\Model.php(722): CodeIgniter\Model->builder()
#2 C:\Users\Hp\Documents\project1\app\Controllers\Home.php(454): CodeIgniter\Model->__call('input', Array)
#3 C:\Users\Hp\Documents\project1\system\CodeIgniter.php(832): App\Controllers\Home->tky()
#4 C:\Users\Hp\Documents\project1\system\CodeIgniter.php(419): CodeIgniter\CodeIgniter->runController(Object(App\Controllers\Home))
#5 C:\Users\Hp\Documents\project1\system\CodeIgniter.php(326): CodeIgniter\CodeIgniter->handleRequest(NULL, Object(Config\Cache), false)
#6 C:\Users\Hp\Documents\project1\public\index.php(37): CodeIgniter\CodeIgniter->run()
#7 C:\Users\Hp\Documents\project1\system\Commands\Server\rewrite.php(43): require_once('C:\\Users\\Hp\\Doc...')
#8 {main}
CRITICAL - 2024-11-19 19:27:46 --> You must set the database table to be used with your query.
#0 C:\Users\Hp\Documents\project1\system\Model.php(545): CodeIgniter\Database\BaseConnection->table(NULL)
#1 C:\Users\Hp\Documents\project1\system\Model.php(722): CodeIgniter\Model->builder()
#2 C:\Users\Hp\Documents\project1\app\Controllers\Home.php(454): CodeIgniter\Model->__call('input', Array)
#3 C:\Users\Hp\Documents\project1\system\CodeIgniter.php(832): App\Controllers\Home->tky()
#4 C:\Users\Hp\Documents\project1\system\CodeIgniter.php(419): CodeIgniter\CodeIgniter->runController(Object(App\Controllers\Home))
#5 C:\Users\Hp\Documents\project1\system\CodeIgniter.php(326): CodeIgniter\CodeIgniter->handleRequest(NULL, Object(Config\Cache), false)
#6 C:\Users\Hp\Documents\project1\public\index.php(37): CodeIgniter\CodeIgniter->run()
#7 C:\Users\Hp\Documents\project1\system\Commands\Server\rewrite.php(43): require_once('C:\\Users\\Hp\\Doc...')
#8 {main}
CRITICAL - 2024-11-19 19:27:48 --> You must set the database table to be used with your query.
#0 C:\Users\Hp\Documents\project1\system\Model.php(545): CodeIgniter\Database\BaseConnection->table(NULL)
#1 C:\Users\Hp\Documents\project1\system\Model.php(722): CodeIgniter\Model->builder()
#2 C:\Users\Hp\Documents\project1\app\Controllers\Home.php(454): CodeIgniter\Model->__call('input', Array)
#3 C:\Users\Hp\Documents\project1\system\CodeIgniter.php(832): App\Controllers\Home->tky()
#4 C:\Users\Hp\Documents\project1\system\CodeIgniter.php(419): CodeIgniter\CodeIgniter->runController(Object(App\Controllers\Home))
#5 C:\Users\Hp\Documents\project1\system\CodeIgniter.php(326): CodeIgniter\CodeIgniter->handleRequest(NULL, Object(Config\Cache), false)
#6 C:\Users\Hp\Documents\project1\public\index.php(37): CodeIgniter\CodeIgniter->run()
#7 C:\Users\Hp\Documents\project1\system\Commands\Server\rewrite.php(43): require_once('C:\\Users\\Hp\\Doc...')
#8 {main}
CRITICAL - 2024-11-19 19:39:56 --> Cannot use empty array elements in arrays
#0 [internal function]: CodeIgniter\Debug\Exceptions->shutdownHandler()
#1 {main}
CRITICAL - 2024-11-19 19:39:57 --> Cannot use empty array elements in arrays
#0 [internal function]: CodeIgniter\Debug\Exceptions->shutdownHandler()
#1 {main}
CRITICAL - 2024-11-19 19:40:04 --> You must set the database table to be used with your query.
#0 C:\Users\Hp\Documents\project1\system\Model.php(545): CodeIgniter\Database\BaseConnection->table(NULL)
#1 C:\Users\Hp\Documents\project1\system\Model.php(722): CodeIgniter\Model->builder()
#2 C:\Users\Hp\Documents\project1\app\Controllers\Home.php(454): CodeIgniter\Model->__call('input', Array)
#3 C:\Users\Hp\Documents\project1\system\CodeIgniter.php(832): App\Controllers\Home->tky()
#4 C:\Users\Hp\Documents\project1\system\CodeIgniter.php(419): CodeIgniter\CodeIgniter->runController(Object(App\Controllers\Home))
#5 C:\Users\Hp\Documents\project1\system\CodeIgniter.php(326): CodeIgniter\CodeIgniter->handleRequest(NULL, Object(Config\Cache), false)
#6 C:\Users\Hp\Documents\project1\public\index.php(37): CodeIgniter\CodeIgniter->run()
#7 C:\Users\Hp\Documents\project1\system\Commands\Server\rewrite.php(43): require_once('C:\\Users\\Hp\\Doc...')
#8 {main}
CRITICAL - 2024-11-19 19:40:05 --> You must set the database table to be used with your query.
#0 C:\Users\Hp\Documents\project1\system\Model.php(545): CodeIgniter\Database\BaseConnection->table(NULL)
#1 C:\Users\Hp\Documents\project1\system\Model.php(722): CodeIgniter\Model->builder()
#2 C:\Users\Hp\Documents\project1\app\Controllers\Home.php(454): CodeIgniter\Model->__call('input', Array)
#3 C:\Users\Hp\Documents\project1\system\CodeIgniter.php(832): App\Controllers\Home->tky()
#4 C:\Users\Hp\Documents\project1\system\CodeIgniter.php(419): CodeIgniter\CodeIgniter->runController(Object(App\Controllers\Home))
#5 C:\Users\Hp\Documents\project1\system\CodeIgniter.php(326): CodeIgniter\CodeIgniter->handleRequest(NULL, Object(Config\Cache), false)
#6 C:\Users\Hp\Documents\project1\public\index.php(37): CodeIgniter\CodeIgniter->run()
#7 C:\Users\Hp\Documents\project1\system\Commands\Server\rewrite.php(43): require_once('C:\\Users\\Hp\\Doc...')
#8 {main}
CRITICAL - 2024-11-19 19:40:06 --> You must set the database table to be used with your query.
#0 C:\Users\Hp\Documents\project1\system\Model.php(545): CodeIgniter\Database\BaseConnection->table(NULL)
#1 C:\Users\Hp\Documents\project1\system\Model.php(722): CodeIgniter\Model->builder()
#2 C:\Users\Hp\Documents\project1\app\Controllers\Home.php(454): CodeIgniter\Model->__call('input', Array)
#3 C:\Users\Hp\Documents\project1\system\CodeIgniter.php(832): App\Controllers\Home->tky()
#4 C:\Users\Hp\Documents\project1\system\CodeIgniter.php(419): CodeIgniter\CodeIgniter->runController(Object(App\Controllers\Home))
#5 C:\Users\Hp\Documents\project1\system\CodeIgniter.php(326): CodeIgniter\CodeIgniter->handleRequest(NULL, Object(Config\Cache), false)
#6 C:\Users\Hp\Documents\project1\public\index.php(37): CodeIgniter\CodeIgniter->run()
#7 C:\Users\Hp\Documents\project1\system\Commands\Server\rewrite.php(43): require_once('C:\\Users\\Hp\\Doc...')
#8 {main}
CRITICAL - 2024-11-19 19:40:07 --> You must set the database table to be used with your query.
#0 C:\Users\Hp\Documents\project1\system\Model.php(545): CodeIgniter\Database\BaseConnection->table(NULL)
#1 C:\Users\Hp\Documents\project1\system\Model.php(722): CodeIgniter\Model->builder()
#2 C:\Users\Hp\Documents\project1\app\Controllers\Home.php(454): CodeIgniter\Model->__call('input', Array)
#3 C:\Users\Hp\Documents\project1\system\CodeIgniter.php(832): App\Controllers\Home->tky()
#4 C:\Users\Hp\Documents\project1\system\CodeIgniter.php(419): CodeIgniter\CodeIgniter->runController(Object(App\Controllers\Home))
#5 C:\Users\Hp\Documents\project1\system\CodeIgniter.php(326): CodeIgniter\CodeIgniter->handleRequest(NULL, Object(Config\Cache), false)
#6 C:\Users\Hp\Documents\project1\public\index.php(37): CodeIgniter\CodeIgniter->run()
#7 C:\Users\Hp\Documents\project1\system\Commands\Server\rewrite.php(43): require_once('C:\\Users\\Hp\\Doc...')
#8 {main}
CRITICAL - 2024-11-19 19:40:07 --> You must set the database table to be used with your query.
#0 C:\Users\Hp\Documents\project1\system\Model.php(545): CodeIgniter\Database\BaseConnection->table(NULL)
#1 C:\Users\Hp\Documents\project1\system\Model.php(722): CodeIgniter\Model->builder()
#2 C:\Users\Hp\Documents\project1\app\Controllers\Home.php(454): CodeIgniter\Model->__call('input', Array)
#3 C:\Users\Hp\Documents\project1\system\CodeIgniter.php(832): App\Controllers\Home->tky()
#4 C:\Users\Hp\Documents\project1\system\CodeIgniter.php(419): CodeIgniter\CodeIgniter->runController(Object(App\Controllers\Home))
#5 C:\Users\Hp\Documents\project1\system\CodeIgniter.php(326): CodeIgniter\CodeIgniter->handleRequest(NULL, Object(Config\Cache), false)
#6 C:\Users\Hp\Documents\project1\public\index.php(37): CodeIgniter\CodeIgniter->run()
#7 C:\Users\Hp\Documents\project1\system\Commands\Server\rewrite.php(43): require_once('C:\\Users\\Hp\\Doc...')
#8 {main}
CRITICAL - 2024-11-19 19:40:07 --> You must set the database table to be used with your query.
#0 C:\Users\Hp\Documents\project1\system\Model.php(545): CodeIgniter\Database\BaseConnection->table(NULL)
#1 C:\Users\Hp\Documents\project1\system\Model.php(722): CodeIgniter\Model->builder()
#2 C:\Users\Hp\Documents\project1\app\Controllers\Home.php(454): CodeIgniter\Model->__call('input', Array)
#3 C:\Users\Hp\Documents\project1\system\CodeIgniter.php(832): App\Controllers\Home->tky()
#4 C:\Users\Hp\Documents\project1\system\CodeIgniter.php(419): CodeIgniter\CodeIgniter->runController(Object(App\Controllers\Home))
#5 C:\Users\Hp\Documents\project1\system\CodeIgniter.php(326): CodeIgniter\CodeIgniter->handleRequest(NULL, Object(Config\Cache), false)
#6 C:\Users\Hp\Documents\project1\public\index.php(37): CodeIgniter\CodeIgniter->run()
#7 C:\Users\Hp\Documents\project1\system\Commands\Server\rewrite.php(43): require_once('C:\\Users\\Hp\\Doc...')
#8 {main}
CRITICAL - 2024-11-19 19:40:39 --> You must set the database table to be used with your query.
#0 C:\Users\Hp\Documents\project1\system\Model.php(545): CodeIgniter\Database\BaseConnection->table(NULL)
#1 C:\Users\Hp\Documents\project1\system\Model.php(722): CodeIgniter\Model->builder()
#2 C:\Users\Hp\Documents\project1\app\Controllers\Home.php(454): CodeIgniter\Model->__call('input', Array)
#3 C:\Users\Hp\Documents\project1\system\CodeIgniter.php(832): App\Controllers\Home->tky()
#4 C:\Users\Hp\Documents\project1\system\CodeIgniter.php(419): CodeIgniter\CodeIgniter->runController(Object(App\Controllers\Home))
#5 C:\Users\Hp\Documents\project1\system\CodeIgniter.php(326): CodeIgniter\CodeIgniter->handleRequest(NULL, Object(Config\Cache), false)
#6 C:\Users\Hp\Documents\project1\public\index.php(37): CodeIgniter\CodeIgniter->run()
#7 C:\Users\Hp\Documents\project1\system\Commands\Server\rewrite.php(43): require_once('C:\\Users\\Hp\\Doc...')
#8 {main}
CRITICAL - 2024-11-19 19:40:40 --> You must set the database table to be used with your query.
#0 C:\Users\Hp\Documents\project1\system\Model.php(545): CodeIgniter\Database\BaseConnection->table(NULL)
#1 C:\Users\Hp\Documents\project1\system\Model.php(722): CodeIgniter\Model->builder()
#2 C:\Users\Hp\Documents\project1\app\Controllers\Home.php(454): CodeIgniter\Model->__call('input', Array)
#3 C:\Users\Hp\Documents\project1\system\CodeIgniter.php(832): App\Controllers\Home->tky()
#4 C:\Users\Hp\Documents\project1\system\CodeIgniter.php(419): CodeIgniter\CodeIgniter->runController(Object(App\Controllers\Home))
#5 C:\Users\Hp\Documents\project1\system\CodeIgniter.php(326): CodeIgniter\CodeIgniter->handleRequest(NULL, Object(Config\Cache), false)
#6 C:\Users\Hp\Documents\project1\public\index.php(37): CodeIgniter\CodeIgniter->run()
#7 C:\Users\Hp\Documents\project1\system\Commands\Server\rewrite.php(43): require_once('C:\\Users\\Hp\\Doc...')
#8 {main}
CRITICAL - 2024-11-19 19:41:42 --> You must set the database table to be used with your query.
#0 C:\Users\Hp\Documents\project1\system\Model.php(545): CodeIgniter\Database\BaseConnection->table(NULL)
#1 C:\Users\Hp\Documents\project1\system\Model.php(722): CodeIgniter\Model->builder()
#2 C:\Users\Hp\Documents\project1\app\Controllers\Home.php(454): CodeIgniter\Model->__call('input', Array)
#3 C:\Users\Hp\Documents\project1\system\CodeIgniter.php(832): App\Controllers\Home->tky()
#4 C:\Users\Hp\Documents\project1\system\CodeIgniter.php(419): CodeIgniter\CodeIgniter->runController(Object(App\Controllers\Home))
#5 C:\Users\Hp\Documents\project1\system\CodeIgniter.php(326): CodeIgniter\CodeIgniter->handleRequest(NULL, Object(Config\Cache), false)
#6 C:\Users\Hp\Documents\project1\public\index.php(37): CodeIgniter\CodeIgniter->run()
#7 C:\Users\Hp\Documents\project1\system\Commands\Server\rewrite.php(43): require_once('C:\\Users\\Hp\\Doc...')
#8 {main}
CRITICAL - 2024-11-19 19:41:43 --> You must set the database table to be used with your query.
#0 C:\Users\Hp\Documents\project1\system\Model.php(545): CodeIgniter\Database\BaseConnection->table(NULL)
#1 C:\Users\Hp\Documents\project1\system\Model.php(722): CodeIgniter\Model->builder()
#2 C:\Users\Hp\Documents\project1\app\Controllers\Home.php(454): CodeIgniter\Model->__call('input', Array)
#3 C:\Users\Hp\Documents\project1\system\CodeIgniter.php(832): App\Controllers\Home->tky()
#4 C:\Users\Hp\Documents\project1\system\CodeIgniter.php(419): CodeIgniter\CodeIgniter->runController(Object(App\Controllers\Home))
#5 C:\Users\Hp\Documents\project1\system\CodeIgniter.php(326): CodeIgniter\CodeIgniter->handleRequest(NULL, Object(Config\Cache), false)
#6 C:\Users\Hp\Documents\project1\public\index.php(37): CodeIgniter\CodeIgniter->run()
#7 C:\Users\Hp\Documents\project1\system\Commands\Server\rewrite.php(43): require_once('C:\\Users\\Hp\\Doc...')
#8 {main}
CRITICAL - 2024-11-19 19:41:44 --> You must set the database table to be used with your query.
#0 C:\Users\Hp\Documents\project1\system\Model.php(545): CodeIgniter\Database\BaseConnection->table(NULL)
#1 C:\Users\Hp\Documents\project1\system\Model.php(722): CodeIgniter\Model->builder()
#2 C:\Users\Hp\Documents\project1\app\Controllers\Home.php(454): CodeIgniter\Model->__call('input', Array)
#3 C:\Users\Hp\Documents\project1\system\CodeIgniter.php(832): App\Controllers\Home->tky()
#4 C:\Users\Hp\Documents\project1\system\CodeIgniter.php(419): CodeIgniter\CodeIgniter->runController(Object(App\Controllers\Home))
#5 C:\Users\Hp\Documents\project1\system\CodeIgniter.php(326): CodeIgniter\CodeIgniter->handleRequest(NULL, Object(Config\Cache), false)
#6 C:\Users\Hp\Documents\project1\public\index.php(37): CodeIgniter\CodeIgniter->run()
#7 C:\Users\Hp\Documents\project1\system\Commands\Server\rewrite.php(43): require_once('C:\\Users\\Hp\\Doc...')
#8 {main}
CRITICAL - 2024-11-19 19:42:35 --> You must set the database table to be used with your query.
#0 C:\Users\Hp\Documents\project1\system\Model.php(545): CodeIgniter\Database\BaseConnection->table(NULL)
#1 C:\Users\Hp\Documents\project1\system\Model.php(722): CodeIgniter\Model->builder()
#2 C:\Users\Hp\Documents\project1\app\Controllers\Home.php(454): CodeIgniter\Model->__call('input', Array)
#3 C:\Users\Hp\Documents\project1\system\CodeIgniter.php(832): App\Controllers\Home->tky()
#4 C:\Users\Hp\Documents\project1\system\CodeIgniter.php(419): CodeIgniter\CodeIgniter->runController(Object(App\Controllers\Home))
#5 C:\Users\Hp\Documents\project1\system\CodeIgniter.php(326): CodeIgniter\CodeIgniter->handleRequest(NULL, Object(Config\Cache), false)
#6 C:\Users\Hp\Documents\project1\public\index.php(37): CodeIgniter\CodeIgniter->run()
#7 C:\Users\Hp\Documents\project1\system\Commands\Server\rewrite.php(43): require_once('C:\\Users\\Hp\\Doc...')
#8 {main}
CRITICAL - 2024-11-19 19:42:36 --> You must set the database table to be used with your query.
#0 C:\Users\Hp\Documents\project1\system\Model.php(545): CodeIgniter\Database\BaseConnection->table(NULL)
#1 C:\Users\Hp\Documents\project1\system\Model.php(722): CodeIgniter\Model->builder()
#2 C:\Users\Hp\Documents\project1\app\Controllers\Home.php(454): CodeIgniter\Model->__call('input', Array)
#3 C:\Users\Hp\Documents\project1\system\CodeIgniter.php(832): App\Controllers\Home->tky()
#4 C:\Users\Hp\Documents\project1\system\CodeIgniter.php(419): CodeIgniter\CodeIgniter->runController(Object(App\Controllers\Home))
#5 C:\Users\Hp\Documents\project1\system\CodeIgniter.php(326): CodeIgniter\CodeIgniter->handleRequest(NULL, Object(Config\Cache), false)
#6 C:\Users\Hp\Documents\project1\public\index.php(37): CodeIgniter\CodeIgniter->run()
#7 C:\Users\Hp\Documents\project1\system\Commands\Server\rewrite.php(43): require_once('C:\\Users\\Hp\\Doc...')
#8 {main}
CRITICAL - 2024-11-19 19:43:22 --> Cannot use empty array elements in arrays
#0 [internal function]: CodeIgniter\Debug\Exceptions->shutdownHandler()
#1 {main}
CRITICAL - 2024-11-19 19:43:35 --> You must set the database table to be used with your query.
#0 C:\Users\Hp\Documents\project1\system\Model.php(545): CodeIgniter\Database\BaseConnection->table(NULL)
#1 C:\Users\Hp\Documents\project1\system\Model.php(722): CodeIgniter\Model->builder()
#2 C:\Users\Hp\Documents\project1\app\Controllers\Home.php(454): CodeIgniter\Model->__call('input', Array)
#3 C:\Users\Hp\Documents\project1\system\CodeIgniter.php(832): App\Controllers\Home->tky()
#4 C:\Users\Hp\Documents\project1\system\CodeIgniter.php(419): CodeIgniter\CodeIgniter->runController(Object(App\Controllers\Home))
#5 C:\Users\Hp\Documents\project1\system\CodeIgniter.php(326): CodeIgniter\CodeIgniter->handleRequest(NULL, Object(Config\Cache), false)
#6 C:\Users\Hp\Documents\project1\public\index.php(37): CodeIgniter\CodeIgniter->run()
#7 C:\Users\Hp\Documents\project1\system\Commands\Server\rewrite.php(43): require_once('C:\\Users\\Hp\\Doc...')
#8 {main}
CRITICAL - 2024-11-19 19:44:09 --> You must set the database table to be used with your query.
#0 C:\Users\Hp\Documents\project1\system\Model.php(545): CodeIgniter\Database\BaseConnection->table(NULL)
#1 C:\Users\Hp\Documents\project1\system\Model.php(722): CodeIgniter\Model->builder()
#2 C:\Users\Hp\Documents\project1\app\Controllers\Home.php(454): CodeIgniter\Model->__call('input', Array)
#3 C:\Users\Hp\Documents\project1\system\CodeIgniter.php(832): App\Controllers\Home->tky()
#4 C:\Users\Hp\Documents\project1\system\CodeIgniter.php(419): CodeIgniter\CodeIgniter->runController(Object(App\Controllers\Home))
#5 C:\Users\Hp\Documents\project1\system\CodeIgniter.php(326): CodeIgniter\CodeIgniter->handleRequest(NULL, Object(Config\Cache), false)
#6 C:\Users\Hp\Documents\project1\public\index.php(37): CodeIgniter\CodeIgniter->run()
#7 C:\Users\Hp\Documents\project1\system\Commands\Server\rewrite.php(43): require_once('C:\\Users\\Hp\\Doc...')
#8 {main}
CRITICAL - 2024-11-19 19:44:35 --> You must set the database table to be used with your query.
#0 C:\Users\Hp\Documents\project1\system\Model.php(545): CodeIgniter\Database\BaseConnection->table(NULL)
#1 C:\Users\Hp\Documents\project1\system\Model.php(722): CodeIgniter\Model->builder()
#2 C:\Users\Hp\Documents\project1\app\Controllers\Home.php(454): CodeIgniter\Model->__call('input', Array)
#3 C:\Users\Hp\Documents\project1\system\CodeIgniter.php(832): App\Controllers\Home->tky()
#4 C:\Users\Hp\Documents\project1\system\CodeIgniter.php(419): CodeIgniter\CodeIgniter->runController(Object(App\Controllers\Home))
#5 C:\Users\Hp\Documents\project1\system\CodeIgniter.php(326): CodeIgniter\CodeIgniter->handleRequest(NULL, Object(Config\Cache), false)
#6 C:\Users\Hp\Documents\project1\public\index.php(37): CodeIgniter\CodeIgniter->run()
#7 C:\Users\Hp\Documents\project1\system\Commands\Server\rewrite.php(43): require_once('C:\\Users\\Hp\\Doc...')
#8 {main}
CRITICAL - 2024-11-19 19:46:39 --> You must set the database table to be used with your query.
#0 C:\Users\Hp\Documents\project1\system\Model.php(545): CodeIgniter\Database\BaseConnection->table(NULL)
#1 C:\Users\Hp\Documents\project1\system\Model.php(722): CodeIgniter\Model->builder()
#2 C:\Users\Hp\Documents\project1\app\Controllers\Home.php(454): CodeIgniter\Model->__call('input', Array)
#3 C:\Users\Hp\Documents\project1\system\CodeIgniter.php(832): App\Controllers\Home->tky()
#4 C:\Users\Hp\Documents\project1\system\CodeIgniter.php(419): CodeIgniter\CodeIgniter->runController(Object(App\Controllers\Home))
#5 C:\Users\Hp\Documents\project1\system\CodeIgniter.php(326): CodeIgniter\CodeIgniter->handleRequest(NULL, Object(Config\Cache), false)
#6 C:\Users\Hp\Documents\project1\public\index.php(37): CodeIgniter\CodeIgniter->run()
#7 C:\Users\Hp\Documents\project1\system\Commands\Server\rewrite.php(43): require_once('C:\\Users\\Hp\\Doc...')
#8 {main}
CRITICAL - 2024-11-19 19:46:43 --> You must set the database table to be used with your query.
#0 C:\Users\Hp\Documents\project1\system\Model.php(545): CodeIgniter\Database\BaseConnection->table(NULL)
#1 C:\Users\Hp\Documents\project1\system\Model.php(722): CodeIgniter\Model->builder()
#2 C:\Users\Hp\Documents\project1\app\Controllers\Home.php(454): CodeIgniter\Model->__call('input', Array)
#3 C:\Users\Hp\Documents\project1\system\CodeIgniter.php(832): App\Controllers\Home->tky()
#4 C:\Users\Hp\Documents\project1\system\CodeIgniter.php(419): CodeIgniter\CodeIgniter->runController(Object(App\Controllers\Home))
#5 C:\Users\Hp\Documents\project1\system\CodeIgniter.php(326): CodeIgniter\CodeIgniter->handleRequest(NULL, Object(Config\Cache), false)
#6 C:\Users\Hp\Documents\project1\public\index.php(37): CodeIgniter\CodeIgniter->run()
#7 C:\Users\Hp\Documents\project1\system\Commands\Server\rewrite.php(43): require_once('C:\\Users\\Hp\\Doc...')
#8 {main}
CRITICAL - 2024-11-19 19:47:45 --> You must set the database table to be used with your query.
#0 C:\Users\Hp\Documents\project1\system\Model.php(545): CodeIgniter\Database\BaseConnection->table(NULL)
#1 C:\Users\Hp\Documents\project1\system\Model.php(722): CodeIgniter\Model->builder()
#2 C:\Users\Hp\Documents\project1\app\Controllers\Home.php(455): CodeIgniter\Model->__call('input', Array)
#3 C:\Users\Hp\Documents\project1\system\CodeIgniter.php(832): App\Controllers\Home->tky()
#4 C:\Users\Hp\Documents\project1\system\CodeIgniter.php(419): CodeIgniter\CodeIgniter->runController(Object(App\Controllers\Home))
#5 C:\Users\Hp\Documents\project1\system\CodeIgniter.php(326): CodeIgniter\CodeIgniter->handleRequest(NULL, Object(Config\Cache), false)
#6 C:\Users\Hp\Documents\project1\public\index.php(37): CodeIgniter\CodeIgniter->run()
#7 C:\Users\Hp\Documents\project1\system\Commands\Server\rewrite.php(43): require_once('C:\\Users\\Hp\\Doc...')
#8 {main}
CRITICAL - 2024-11-19 19:47:47 --> You must set the database table to be used with your query.
#0 C:\Users\Hp\Documents\project1\system\Model.php(545): CodeIgniter\Database\BaseConnection->table(NULL)
#1 C:\Users\Hp\Documents\project1\system\Model.php(722): CodeIgniter\Model->builder()
#2 C:\Users\Hp\Documents\project1\app\Controllers\Home.php(455): CodeIgniter\Model->__call('input', Array)
#3 C:\Users\Hp\Documents\project1\system\CodeIgniter.php(832): App\Controllers\Home->tky()
#4 C:\Users\Hp\Documents\project1\system\CodeIgniter.php(419): CodeIgniter\CodeIgniter->runController(Object(App\Controllers\Home))
#5 C:\Users\Hp\Documents\project1\system\CodeIgniter.php(326): CodeIgniter\CodeIgniter->handleRequest(NULL, Object(Config\Cache), false)
#6 C:\Users\Hp\Documents\project1\public\index.php(37): CodeIgniter\CodeIgniter->run()
#7 C:\Users\Hp\Documents\project1\system\Commands\Server\rewrite.php(43): require_once('C:\\Users\\Hp\\Doc...')
#8 {main}
