ERROR - 2024-11-17 19:19:08 --> Error connecting to the database: No connection could be made because the target machine actively refused it.

CRITICAL - 2024-11-17 19:19:08 --> Unable to connect to the database.
Main connection [MySQLi]: No connection could be made because the target machine actively refused it.

#0 C:\Users\Hp\Documents\project1\system\Database\BaseConnection.php(577): CodeIgniter\Database\BaseConnection->initialize()
#1 C:\Users\Hp\Documents\project1\system\Database\BaseBuilder.php(1588): CodeIgniter\Database\BaseConnection->query('SELECT *\nFROM `...', Array, false)
#2 C:\Users\Hp\Documents\project1\app\Models\M_belajar.php(29): CodeIgniter\Database\BaseBuilder->getWhere(Array)
#3 C:\Users\Hp\Documents\project1\app\Controllers\Home.php(27): App\Models\M_belajar->getWhere('user', Array)
#4 C:\Users\Hp\Documents\project1\system\CodeIgniter.php(832): App\Controllers\Home->aksi_login()
#5 C:\Users\Hp\Documents\project1\system\CodeIgniter.php(419): CodeIgniter\CodeIgniter->runController(Object(App\Controllers\Home))
#6 C:\Users\Hp\Documents\project1\system\CodeIgniter.php(326): CodeIgniter\CodeIgniter->handleRequest(NULL, Object(Config\Cache), false)
#7 C:\Users\Hp\Documents\project1\public\index.php(37): CodeIgniter\CodeIgniter->run()
#8 C:\Users\Hp\Documents\project1\system\Commands\Server\rewrite.php(43): require_once('C:\\Users\\Hp\\Doc...')
#9 {main}
ERROR - 2024-11-17 19:19:39 --> Unknown column 'karyawan.id_user' in 'on clause'
CRITICAL - 2024-11-17 19:19:39 --> Call to a member function getResult() on bool
#0 C:\Users\Hp\Documents\project1\app\Controllers\Home.php(369): App\Models\M_belajar->join('karyawan', 'user', 'karyawan.id_use...')
#1 C:\Users\Hp\Documents\project1\system\CodeIgniter.php(832): App\Controllers\Home->karyawann()
#2 C:\Users\Hp\Documents\project1\system\CodeIgniter.php(419): CodeIgniter\CodeIgniter->runController(Object(App\Controllers\Home))
#3 C:\Users\Hp\Documents\project1\system\CodeIgniter.php(326): CodeIgniter\CodeIgniter->handleRequest(NULL, Object(Config\Cache), false)
#4 C:\Users\Hp\Documents\project1\public\index.php(37): CodeIgniter\CodeIgniter->run()
#5 C:\Users\Hp\Documents\project1\system\Commands\Server\rewrite.php(43): require_once('C:\\Users\\Hp\\Doc...')
#6 {main}
ERROR - 2024-11-17 19:19:43 --> Unknown column 'pakaian.id_bpakaianq4' in 'on clause'
CRITICAL - 2024-11-17 19:19:43 --> Call to a member function getResult() on bool
#0 C:\Users\Hp\Documents\project1\app\Controllers\Home.php(153): App\Models\M_belajar->join('pakaian_masuk', 'pakaian', 'pakaian_masuk.i...')
#1 C:\Users\Hp\Documents\project1\system\CodeIgniter.php(832): App\Controllers\Home->pakaian_m()
#2 C:\Users\Hp\Documents\project1\system\CodeIgniter.php(419): CodeIgniter\CodeIgniter->runController(Object(App\Controllers\Home))
#3 C:\Users\Hp\Documents\project1\system\CodeIgniter.php(326): CodeIgniter\CodeIgniter->handleRequest(NULL, Object(Config\Cache), false)
#4 C:\Users\Hp\Documents\project1\public\index.php(37): CodeIgniter\CodeIgniter->run()
#5 C:\Users\Hp\Documents\project1\system\Commands\Server\rewrite.php(43): require_once('C:\\Users\\Hp\\Doc...')
#6 {main}
CRITICAL - 2024-11-17 19:32:10 --> Too few arguments to function App\Models\M_belajar::tampil(), 1 passed in C:\Users\Hp\Documents\project1\app\Controllers\Home.php on line 432 and exactly 2 expected
#0 C:\Users\Hp\Documents\project1\app\Controllers\Home.php(432): App\Models\M_belajar->tampil('karyawan')
#1 C:\Users\Hp\Documents\project1\system\CodeIgniter.php(832): App\Controllers\Home->tky()
#2 C:\Users\Hp\Documents\project1\system\CodeIgniter.php(419): CodeIgniter\CodeIgniter->runController(Object(App\Controllers\Home))
#3 C:\Users\Hp\Documents\project1\system\CodeIgniter.php(326): CodeIgniter\CodeIgniter->handleRequest(NULL, Object(Config\Cache), false)
#4 C:\Users\Hp\Documents\project1\public\index.php(37): CodeIgniter\CodeIgniter->run()
#5 C:\Users\Hp\Documents\project1\system\Commands\Server\rewrite.php(43): require_once('C:\\Users\\Hp\\Doc...')
#6 {main}
CRITICAL - 2024-11-17 19:33:39 --> Too few arguments to function App\Models\M_belajar::tampil(), 1 passed in C:\Users\Hp\Documents\project1\app\Controllers\Home.php on line 432 and exactly 2 expected
#0 C:\Users\Hp\Documents\project1\app\Controllers\Home.php(432): App\Models\M_belajar->tampil('karyawan')
#1 C:\Users\Hp\Documents\project1\system\CodeIgniter.php(832): App\Controllers\Home->tky()
#2 C:\Users\Hp\Documents\project1\system\CodeIgniter.php(419): CodeIgniter\CodeIgniter->runController(Object(App\Controllers\Home))
#3 C:\Users\Hp\Documents\project1\system\CodeIgniter.php(326): CodeIgniter\CodeIgniter->handleRequest(NULL, Object(Config\Cache), false)
#4 C:\Users\Hp\Documents\project1\public\index.php(37): CodeIgniter\CodeIgniter->run()
#5 C:\Users\Hp\Documents\project1\system\Commands\Server\rewrite.php(43): require_once('C:\\Users\\Hp\\Doc...')
#6 {main}
CRITICAL - 2024-11-17 19:35:15 --> Too few arguments to function App\Models\M_belajar::tampil(), 1 passed in C:\Users\Hp\Documents\project1\app\Controllers\Home.php on line 433 and exactly 2 expected
#0 C:\Users\Hp\Documents\project1\app\Controllers\Home.php(433): App\Models\M_belajar->tampil('karyawan')
#1 C:\Users\Hp\Documents\project1\system\CodeIgniter.php(832): App\Controllers\Home->tky()
#2 C:\Users\Hp\Documents\project1\system\CodeIgniter.php(419): CodeIgniter\CodeIgniter->runController(Object(App\Controllers\Home))
#3 C:\Users\Hp\Documents\project1\system\CodeIgniter.php(326): CodeIgniter\CodeIgniter->handleRequest(NULL, Object(Config\Cache), false)
#4 C:\Users\Hp\Documents\project1\public\index.php(37): CodeIgniter\CodeIgniter->run()
#5 C:\Users\Hp\Documents\project1\system\Commands\Server\rewrite.php(43): require_once('C:\\Users\\Hp\\Doc...')
#6 {main}
ERROR - 2024-11-17 19:36:47 --> Unknown column 'level' in 'field list'
ERROR - 2024-11-17 19:38:10 --> Unknown column 'kode_pakain' in 'field list'
CRITICAL - 2024-11-17 19:39:46 --> syntax error, unexpected '{'
#0 C:\Users\Hp\Documents\project1\system\Router\Router.php(175): CodeIgniter\Router\Router->autoRoute('home/useer')
#1 C:\Users\Hp\Documents\project1\system\CodeIgniter.php(726): CodeIgniter\Router\Router->handle('home/useer')
#2 C:\Users\Hp\Documents\project1\system\CodeIgniter.php(368): CodeIgniter\CodeIgniter->tryToRouteIt(Object(CodeIgniter\Router\RouteCollection))
#3 C:\Users\Hp\Documents\project1\system\CodeIgniter.php(326): CodeIgniter\CodeIgniter->handleRequest(NULL, Object(Config\Cache), false)
#4 C:\Users\Hp\Documents\project1\public\index.php(37): CodeIgniter\CodeIgniter->run()
#5 C:\Users\Hp\Documents\project1\system\Commands\Server\rewrite.php(43): require_once('C:\\Users\\Hp\\Doc...')
#6 {main}
CRITICAL - 2024-11-17 19:54:07 --> Invalid file: pp.php
#0 C:\Users\Hp\Documents\project1\system\View\View.php(198): CodeIgniter\Exceptions\FrameworkException::forInvalidFile('pp.php')
#1 C:\Users\Hp\Documents\project1\system\Common.php(1089): CodeIgniter\View\View->render('pp', Array, true)
#2 C:\Users\Hp\Documents\project1\app\Controllers\Home.php(10): view('pp')
#3 C:\Users\Hp\Documents\project1\system\CodeIgniter.php(832): App\Controllers\Home->index()
#4 C:\Users\Hp\Documents\project1\system\CodeIgniter.php(419): CodeIgniter\CodeIgniter->runController(Object(App\Controllers\Home))
#5 C:\Users\Hp\Documents\project1\system\CodeIgniter.php(326): CodeIgniter\CodeIgniter->handleRequest(NULL, Object(Config\Cache), false)
#6 C:\Users\Hp\Documents\project1\public\index.php(37): CodeIgniter\CodeIgniter->run()
#7 C:\Users\Hp\Documents\project1\system\Commands\Server\rewrite.php(43): require_once('C:\\Users\\Hp\\Doc...')
#8 {main}
CRITICAL - 2024-11-17 19:54:34 --> Invalid file: pp.php
#0 C:\Users\Hp\Documents\project1\system\View\View.php(198): CodeIgniter\Exceptions\FrameworkException::forInvalidFile('pp.php')
#1 C:\Users\Hp\Documents\project1\system\Common.php(1089): CodeIgniter\View\View->render('pp', Array, true)
#2 C:\Users\Hp\Documents\project1\app\Controllers\Home.php(10): view('pp')
#3 C:\Users\Hp\Documents\project1\system\CodeIgniter.php(832): App\Controllers\Home->index()
#4 C:\Users\Hp\Documents\project1\system\CodeIgniter.php(419): CodeIgniter\CodeIgniter->runController(Object(App\Controllers\Home))
#5 C:\Users\Hp\Documents\project1\system\CodeIgniter.php(326): CodeIgniter\CodeIgniter->handleRequest(NULL, Object(Config\Cache), false)
#6 C:\Users\Hp\Documents\project1\public\index.php(37): CodeIgniter\CodeIgniter->run()
#7 C:\Users\Hp\Documents\project1\system\Commands\Server\rewrite.php(43): require_once('C:\\Users\\Hp\\Doc...')
#8 {main}
ERROR - 2024-11-17 23:36:25 --> Unknown column 'kode_pakain' in 'field list'
CRITICAL - 2024-11-17 23:41:16 --> syntax error, unexpected ';', expecting ')'
#0 C:\Users\Hp\Documents\project1\system\Router\Router.php(175): CodeIgniter\Router\Router->autoRoute('home/laundry')
#1 C:\Users\Hp\Documents\project1\system\CodeIgniter.php(726): CodeIgniter\Router\Router->handle('home/laundry')
#2 C:\Users\Hp\Documents\project1\system\CodeIgniter.php(368): CodeIgniter\CodeIgniter->tryToRouteIt(Object(CodeIgniter\Router\RouteCollection))
#3 C:\Users\Hp\Documents\project1\system\CodeIgniter.php(326): CodeIgniter\CodeIgniter->handleRequest(NULL, Object(Config\Cache), false)
#4 C:\Users\Hp\Documents\project1\public\index.php(37): CodeIgniter\CodeIgniter->run()
#5 C:\Users\Hp\Documents\project1\system\Commands\Server\rewrite.php(43): require_once('C:\\Users\\Hp\\Doc...')
#6 {main}
ERROR - 2024-11-17 23:42:00 --> You have an error in your SQL syntax; check the manual that corresponds to your MariaDB server version for the right syntax to use near '0, 1, 2) VALUES (:0:, :1:, :2:)' at line 1
CRITICAL - 2024-11-17 23:44:07 --> syntax error, unexpected '=', expecting ')'
#0 C:\Users\Hp\Documents\project1\system\Router\Router.php(175): CodeIgniter\Router\Router->autoRoute('home/laundry')
#1 C:\Users\Hp\Documents\project1\system\CodeIgniter.php(726): CodeIgniter\Router\Router->handle('home/laundry')
#2 C:\Users\Hp\Documents\project1\system\CodeIgniter.php(368): CodeIgniter\CodeIgniter->tryToRouteIt(Object(CodeIgniter\Router\RouteCollection))
#3 C:\Users\Hp\Documents\project1\system\CodeIgniter.php(326): CodeIgniter\CodeIgniter->handleRequest(NULL, Object(Config\Cache), false)
#4 C:\Users\Hp\Documents\project1\public\index.php(37): CodeIgniter\CodeIgniter->run()
#5 C:\Users\Hp\Documents\project1\system\Commands\Server\rewrite.php(43): require_once('C:\\Users\\Hp\\Doc...')
#6 {main}
ERROR - 2024-11-17 23:47:40 --> Unknown column 'level' in 'field list'
CRITICAL - 2024-11-17 23:53:06 --> syntax error, unexpected '=', expecting ')'
#0 C:\Users\Hp\Documents\project1\system\Router\Router.php(175): CodeIgniter\Router\Router->autoRoute('home/tky')
#1 C:\Users\Hp\Documents\project1\system\CodeIgniter.php(726): CodeIgniter\Router\Router->handle('home/tky')
#2 C:\Users\Hp\Documents\project1\system\CodeIgniter.php(368): CodeIgniter\CodeIgniter->tryToRouteIt(Object(CodeIgniter\Router\RouteCollection))
#3 C:\Users\Hp\Documents\project1\system\CodeIgniter.php(326): CodeIgniter\CodeIgniter->handleRequest(NULL, Object(Config\Cache), false)
#4 C:\Users\Hp\Documents\project1\public\index.php(37): CodeIgniter\CodeIgniter->run()
#5 C:\Users\Hp\Documents\project1\system\Commands\Server\rewrite.php(43): require_once('C:\\Users\\Hp\\Doc...')
#6 {main}
CRITICAL - 2024-11-17 23:53:07 --> syntax error, unexpected '=', expecting ')'
#0 C:\Users\Hp\Documents\project1\system\Router\Router.php(175): CodeIgniter\Router\Router->autoRoute('home/tky')
#1 C:\Users\Hp\Documents\project1\system\CodeIgniter.php(726): CodeIgniter\Router\Router->handle('home/tky')
#2 C:\Users\Hp\Documents\project1\system\CodeIgniter.php(368): CodeIgniter\CodeIgniter->tryToRouteIt(Object(CodeIgniter\Router\RouteCollection))
#3 C:\Users\Hp\Documents\project1\system\CodeIgniter.php(326): CodeIgniter\CodeIgniter->handleRequest(NULL, Object(Config\Cache), false)
#4 C:\Users\Hp\Documents\project1\public\index.php(37): CodeIgniter\CodeIgniter->run()
#5 C:\Users\Hp\Documents\project1\system\Commands\Server\rewrite.php(43): require_once('C:\\Users\\Hp\\Doc...')
#6 {main}
CRITICAL - 2024-11-17 23:53:40 --> syntax error, unexpected ';', expecting ')'
#0 C:\Users\Hp\Documents\project1\system\Router\Router.php(175): CodeIgniter\Router\Router->autoRoute('home/tky')
#1 C:\Users\Hp\Documents\project1\system\CodeIgniter.php(726): CodeIgniter\Router\Router->handle('home/tky')
#2 C:\Users\Hp\Documents\project1\system\CodeIgniter.php(368): CodeIgniter\CodeIgniter->tryToRouteIt(Object(CodeIgniter\Router\RouteCollection))
#3 C:\Users\Hp\Documents\project1\system\CodeIgniter.php(326): CodeIgniter\CodeIgniter->handleRequest(NULL, Object(Config\Cache), false)
#4 C:\Users\Hp\Documents\project1\public\index.php(37): CodeIgniter\CodeIgniter->run()
#5 C:\Users\Hp\Documents\project1\system\Commands\Server\rewrite.php(43): require_once('C:\\Users\\Hp\\Doc...')
#6 {main}
CRITICAL - 2024-11-17 23:53:48 --> syntax error, unexpected ';', expecting ')'
#0 C:\Users\Hp\Documents\project1\system\Router\Router.php(175): CodeIgniter\Router\Router->autoRoute('home/tky')
#1 C:\Users\Hp\Documents\project1\system\CodeIgniter.php(726): CodeIgniter\Router\Router->handle('home/tky')
#2 C:\Users\Hp\Documents\project1\system\CodeIgniter.php(368): CodeIgniter\CodeIgniter->tryToRouteIt(Object(CodeIgniter\Router\RouteCollection))
#3 C:\Users\Hp\Documents\project1\system\CodeIgniter.php(326): CodeIgniter\CodeIgniter->handleRequest(NULL, Object(Config\Cache), false)
#4 C:\Users\Hp\Documents\project1\public\index.php(37): CodeIgniter\CodeIgniter->run()
#5 C:\Users\Hp\Documents\project1\system\Commands\Server\rewrite.php(43): require_once('C:\\Users\\Hp\\Doc...')
#6 {main}
ERROR - 2024-11-17 23:54:45 --> Unknown column 'nohp' in 'field list'
ERROR - 2024-11-17 23:56:53 --> Unknown column 'nohp' in 'field list'
