CRITICAL - 2024-11-11 19:44:07 --> syntax error, unexpected 'public' (T_PUBLIC)
#0 C:\Users\Hp\Documents\project1\system\Router\Router.php(175): CodeIgniter\Router\Router->autoRoute('home/gudang')
#1 C:\Users\Hp\Documents\project1\system\CodeIgniter.php(726): CodeIgniter\Router\Router->handle('home/gudang')
#2 C:\Users\Hp\Documents\project1\system\CodeIgniter.php(368): CodeIgniter\CodeIgniter->tryToRouteIt(Object(CodeIgniter\Router\RouteCollection))
#3 C:\Users\Hp\Documents\project1\system\CodeIgniter.php(326): CodeIgniter\CodeIgniter->handleRequest(NULL, Object(Config\Cache), false)
#4 C:\Users\Hp\Documents\project1\public\index.php(37): CodeIgniter\CodeIgniter->run()
#5 C:\Users\Hp\Documents\project1\system\Commands\Server\rewrite.php(43): require_once('C:\\Users\\Hp\\Doc...')
#6 {main}
CRITICAL - 2024-11-11 19:44:23 --> syntax error, unexpected 'public' (T_PUBLIC)
#0 C:\Users\Hp\Documents\project1\system\Router\Router.php(175): CodeIgniter\Router\Router->autoRoute('home/login')
#1 C:\Users\Hp\Documents\project1\system\CodeIgniter.php(726): CodeIgniter\Router\Router->handle('home/login')
#2 C:\Users\Hp\Documents\project1\system\CodeIgniter.php(368): CodeIgniter\CodeIgniter->tryToRouteIt(Object(CodeIgniter\Router\RouteCollection))
#3 C:\Users\Hp\Documents\project1\system\CodeIgniter.php(326): CodeIgniter\CodeIgniter->handleRequest(NULL, Object(Config\Cache), false)
#4 C:\Users\Hp\Documents\project1\public\index.php(37): CodeIgniter\CodeIgniter->run()
#5 C:\Users\Hp\Documents\project1\system\Commands\Server\rewrite.php(43): require_once('C:\\Users\\Hp\\Doc...')
#6 {main}
CRITICAL - 2024-11-11 19:44:24 --> syntax error, unexpected 'public' (T_PUBLIC)
#0 C:\Users\Hp\Documents\project1\system\Router\Router.php(175): CodeIgniter\Router\Router->autoRoute('home/login')
#1 C:\Users\Hp\Documents\project1\system\CodeIgniter.php(726): CodeIgniter\Router\Router->handle('home/login')
#2 C:\Users\Hp\Documents\project1\system\CodeIgniter.php(368): CodeIgniter\CodeIgniter->tryToRouteIt(Object(CodeIgniter\Router\RouteCollection))
#3 C:\Users\Hp\Documents\project1\system\CodeIgniter.php(326): CodeIgniter\CodeIgniter->handleRequest(NULL, Object(Config\Cache), false)
#4 C:\Users\Hp\Documents\project1\public\index.php(37): CodeIgniter\CodeIgniter->run()
#5 C:\Users\Hp\Documents\project1\system\Commands\Server\rewrite.php(43): require_once('C:\\Users\\Hp\\Doc...')
#6 {main}
CRITICAL - 2024-11-11 19:44:50 --> syntax error, unexpected 'public' (T_PUBLIC)
#0 C:\Users\Hp\Documents\project1\system\Router\Router.php(175): CodeIgniter\Router\Router->autoRoute('home/gudang')
#1 C:\Users\Hp\Documents\project1\system\CodeIgniter.php(726): CodeIgniter\Router\Router->handle('home/gudang')
#2 C:\Users\Hp\Documents\project1\system\CodeIgniter.php(368): CodeIgniter\CodeIgniter->tryToRouteIt(Object(CodeIgniter\Router\RouteCollection))
#3 C:\Users\Hp\Documents\project1\system\CodeIgniter.php(326): CodeIgniter\CodeIgniter->handleRequest(NULL, Object(Config\Cache), false)
#4 C:\Users\Hp\Documents\project1\public\index.php(37): CodeIgniter\CodeIgniter->run()
#5 C:\Users\Hp\Documents\project1\system\Commands\Server\rewrite.php(43): require_once('C:\\Users\\Hp\\Doc...')
#6 {main}
CRITICAL - 2024-11-11 19:44:58 --> syntax error, unexpected 'public' (T_PUBLIC)
#0 C:\Users\Hp\Documents\project1\system\Router\Router.php(175): CodeIgniter\Router\Router->autoRoute('home/index')
#1 C:\Users\Hp\Documents\project1\system\CodeIgniter.php(726): CodeIgniter\Router\Router->handle('home/index')
#2 C:\Users\Hp\Documents\project1\system\CodeIgniter.php(368): CodeIgniter\CodeIgniter->tryToRouteIt(Object(CodeIgniter\Router\RouteCollection))
#3 C:\Users\Hp\Documents\project1\system\CodeIgniter.php(326): CodeIgniter\CodeIgniter->handleRequest(NULL, Object(Config\Cache), false)
#4 C:\Users\Hp\Documents\project1\public\index.php(37): CodeIgniter\CodeIgniter->run()
#5 C:\Users\Hp\Documents\project1\system\Commands\Server\rewrite.php(43): require_once('C:\\Users\\Hp\\Doc...')
#6 {main}
CRITICAL - 2024-11-11 19:45:00 --> syntax error, unexpected 'public' (T_PUBLIC)
#0 C:\Users\Hp\Documents\project1\system\Router\Router.php(175): CodeIgniter\Router\Router->autoRoute('home/index')
#1 C:\Users\Hp\Documents\project1\system\CodeIgniter.php(726): CodeIgniter\Router\Router->handle('home/index')
#2 C:\Users\Hp\Documents\project1\system\CodeIgniter.php(368): CodeIgniter\CodeIgniter->tryToRouteIt(Object(CodeIgniter\Router\RouteCollection))
#3 C:\Users\Hp\Documents\project1\system\CodeIgniter.php(326): CodeIgniter\CodeIgniter->handleRequest(NULL, Object(Config\Cache), false)
#4 C:\Users\Hp\Documents\project1\public\index.php(37): CodeIgniter\CodeIgniter->run()
#5 C:\Users\Hp\Documents\project1\system\Commands\Server\rewrite.php(43): require_once('C:\\Users\\Hp\\Doc...')
#6 {main}
