ERROR - 2024-12-01 19:15:48 --> Table 'laundry.barang_keluar' doesn't exist
CRITICAL - 2024-12-01 19:15:48 --> Call to a member function getResult() on bool
#0 C:\Users\Hp\Documents\project1\app\Controllers\Home.php(229): App\Models\M_belajar->join('barang_keluar', 'barang', 'barang_keluar.i...')
#1 C:\Users\Hp\Documents\project1\system\CodeIgniter.php(832): App\Controllers\Home->barang_k()
#2 C:\Users\Hp\Documents\project1\system\CodeIgniter.php(419): CodeIgniter\CodeIgniter->runController(Object(App\Controllers\Home))
#3 C:\Users\Hp\Documents\project1\system\CodeIgniter.php(326): CodeIgniter\CodeIgniter->handleRequest(NULL, Object(Config\Cache), false)
#4 C:\Users\Hp\Documents\project1\public\index.php(37): CodeIgniter\CodeIgniter->run()
#5 C:\Users\Hp\Documents\project1\system\Commands\Server\rewrite.php(43): require_once('C:\\Users\\Hp\\Doc...')
#6 {main}
CRITICAL - 2024-12-01 19:18:03 --> Invalid file: pakaian_masuk.php
#0 C:\Users\Hp\Documents\project1\system\View\View.php(198): CodeIgniter\Exceptions\FrameworkException::forInvalidFile('pakaian_masuk.p...')
#1 C:\Users\Hp\Documents\project1\system\Common.php(1089): CodeIgniter\View\View->render('pakaian_masuk', Array, true)
#2 C:\Users\Hp\Documents\project1\app\Controllers\Home.php(161): view('pakaian_masuk', Array)
#3 C:\Users\Hp\Documents\project1\system\CodeIgniter.php(832): App\Controllers\Home->pakaian_m()
#4 C:\Users\Hp\Documents\project1\system\CodeIgniter.php(419): CodeIgniter\CodeIgniter->runController(Object(App\Controllers\Home))
#5 C:\Users\Hp\Documents\project1\system\CodeIgniter.php(326): CodeIgniter\CodeIgniter->handleRequest(NULL, Object(Config\Cache), false)
#6 C:\Users\Hp\Documents\project1\public\index.php(37): CodeIgniter\CodeIgniter->run()
#7 C:\Users\Hp\Documents\project1\system\Commands\Server\rewrite.php(43): require_once('C:\\Users\\Hp\\Doc...')
#8 {main}
CRITICAL - 2024-12-01 19:37:06 --> Invalid file: pakaian_masuk.php
#0 C:\Users\Hp\Documents\project1\system\View\View.php(198): CodeIgniter\Exceptions\FrameworkException::forInvalidFile('pakaian_masuk.p...')
#1 C:\Users\Hp\Documents\project1\system\Common.php(1089): CodeIgniter\View\View->render('pakaian_masuk', Array, true)
#2 C:\Users\Hp\Documents\project1\app\Controllers\Home.php(161): view('pakaian_masuk', Array)
#3 C:\Users\Hp\Documents\project1\system\CodeIgniter.php(832): App\Controllers\Home->pakaian_m()
#4 C:\Users\Hp\Documents\project1\system\CodeIgniter.php(419): CodeIgniter\CodeIgniter->runController(Object(App\Controllers\Home))
#5 C:\Users\Hp\Documents\project1\system\CodeIgniter.php(326): CodeIgniter\CodeIgniter->handleRequest(NULL, Object(Config\Cache), false)
#6 C:\Users\Hp\Documents\project1\public\index.php(37): CodeIgniter\CodeIgniter->run()
#7 C:\Users\Hp\Documents\project1\system\Commands\Server\rewrite.php(43): require_once('C:\\Users\\Hp\\Doc...')
#8 {main}
ERROR - 2024-12-01 19:44:34 --> Duplicate entry '0' for key 'id_user'
ERROR - 2024-12-01 19:47:08 --> Duplicate entry '0' for key 'id_user'
ERROR - 2024-12-01 19:48:56 --> Duplicate entry '0' for key 'id_user'
